<?xml version="1.0" encoding="UTF-8"?>
<!-- Generated by org.testng.reporters.JUnitReportReporter -->
<testsuite skipped="0" hostname="W108Z53T72" name="com.code.msl_admin_Test" tests="1" failures="0" timestamp="23 Apr 2019 01:53:54 GMT" time="1.855" errors="0">
  <testcase name="TestmsladminTab" time="1.855" classname="com.code.msl_admin_Test"/>
</testsuite> <!-- com.code.msl_admin_Test -->
