<?xml version="1.0" encoding="UTF-8"?>
<!-- Generated by org.testng.reporters.JUnitReportReporter -->
<testsuite skipped="0" hostname="W108Z53T72" name="com.code.appTest" tests="1" failures="0" timestamp="23 Apr 2019 01:53:54 GMT" time="0.002" errors="0">
  <testcase name="test" time="0.002" classname="com.code.appTest"/>
</testsuite> <!-- com.code.appTest -->
